*** Using Compiler 'V5.06 update 5 (build 528)', folder: 'C:\Keil_v5\ARM\ARMCC\Bin'
Rebuild target 'ADS1120_Library'
assembling startup_stm32f103xb.s...
compiling stm32f1xx_hal_dma.c...
compiling main.c...
compiling tim.c...
compiling stm32f1xx_hal_msp.c...
compiling stm32f1xx_hal_gpio_ex.c...
compiling stm32f1xx_hal.c...
compiling stm32f1xx_hal_rcc.c...
compiling stm32f1xx_it.c...
compiling stm32f1xx_hal_spi.c...
compiling stm32f1xx_hal_gpio.c...
compiling spi.c...
compiling gpio.c...
compiling usart.c...
compiling stm32f1xx_hal_rcc_ex.c...
compiling stm32f1xx_hal_cortex.c...
compiling stm32f1xx_hal_flash.c...
compiling stm32f1xx_hal_pwr.c...
compiling stm32f1xx_hal_flash_ex.c...
compiling system_stm32f1xx.c...
compiling stm32f1xx_hal_exti.c...
compiling stm32f1xx_hal_tim_ex.c...
compiling stm32f1xx_hal_uart.c...
compiling stm32f1xx_hal_tim.c...
linking...
Program Size: Code=6200 RO-data=312 RW-data=16 ZI-data=1864  
FromELF: creating hex file...
"ADS1120_Library\ADS1120_Library.axf" - 0 Error(s), 0 Warning(s).
Build Time Elapsed:  00:00:05
